Building cython wrappers from file: /hdfs/store/user/truggles/2014-06-23_Ntuples/A300-Zh-lltt-FullSim/make_ntuples_cfg-patTuple_cfg-CAAB054D-23A7-E311-BEE2-001E673972DD.root
(in /afs/hep.wisc.edu/cms/truggles/zh_proj/june23_sync_setup/src/UWHiggs/zh)
diboson: ["ZZJetsTo4L_pythia", "ggZZ2L2L"]
Creating tasks for analyzer: TauFakeRatesMMET.py
Creating tasks for analyzer: MUFakeRateMMMT.py
Creating tasks for analyzer: TauFakeRatesEEMT.py
Creating tasks for analyzer: EFakeRateMMET.py
Creating tasks for analyzer: TauFakeRatesEETT.py
Creating tasks for analyzer: TauFakeRatesMMTT.py
Creating tasks for analyzer: EFakeRateEEET.py
Creating tasks for analyzer: TauFakeRatesMMMT.py
Creating tasks for analyzer: TauFakeRatesEEET.py
Creating tasks for analyzer: MUFakeRateEEMT.py

 Beginning new ROOT session with Stephane's rootlogon.C file
(in /afs/hep.wisc.edu/cms/truggles/zh_proj/june23_sync_setup/src/UWHiggs/zh)
diboson: ["ZZJetsTo4L_pythia", "ggZZ2L2L"]
Creating tasks for analyzer: TauFakeRatesMMET.py
Creating tasks for analyzer: MUFakeRateMMMT.py
Creating tasks for analyzer: TauFakeRatesEEMT.py
Creating tasks for analyzer: EFakeRateMMET.py
Creating tasks for analyzer: TauFakeRatesEETT.py
Creating tasks for analyzer: TauFakeRatesMMTT.py
Creating tasks for analyzer: EFakeRateEEET.py
Creating tasks for analyzer: TauFakeRatesMMMT.py
Creating tasks for analyzer: TauFakeRatesEEET.py
Creating tasks for analyzer: MUFakeRateEEMT.py

 Beginning new ROOT session with Stephane's rootlogon.C file
(in /afs/hep.wisc.edu/cms/truggles/zh_proj/june23_sync_setup/src/UWHiggs/zh)
diboson: ["ZZJetsTo4L_pythia", "ggZZ2L2L"]
Creating tasks for analyzer: TauFakeRatesMMET.py
Creating tasks for analyzer: MUFakeRateMMMT.py
Creating tasks for analyzer: TauFakeRatesEEMT.py
Creating tasks for analyzer: EFakeRateMMET.py
Creating tasks for analyzer: TauFakeRatesEETT.py
Creating tasks for analyzer: TauFakeRatesMMTT.py
Creating tasks for analyzer: EFakeRateEEET.py
Creating tasks for analyzer: TauFakeRatesMMMT.py
Creating tasks for analyzer: TauFakeRatesEEET.py
Creating tasks for analyzer: MUFakeRateEEMT.py

 Beginning new ROOT session with Stephane's rootlogon.C file
(in /afs/hep.wisc.edu/cms/truggles/zh_proj/june23_sync_setup/src/UWHiggs/zh)
diboson: ["ZZJetsTo4L_pythia", "ggZZ2L2L"]
Creating tasks for analyzer: TauFakeRatesMMET.py
Creating tasks for analyzer: MUFakeRateMMMT.py
Creating tasks for analyzer: TauFakeRatesEEMT.py
Creating tasks for analyzer: EFakeRateMMET.py
Creating tasks for analyzer: TauFakeRatesEETT.py
Creating tasks for analyzer: TauFakeRatesMMTT.py
Creating tasks for analyzer: EFakeRateEEET.py
Creating tasks for analyzer: TauFakeRatesMMMT.py
Creating tasks for analyzer: TauFakeRatesEEET.py
Creating tasks for analyzer: MUFakeRateEEMT.py

 Beginning new ROOT session with Stephane's rootlogon.C file
(in /afs/hep.wisc.edu/cms/truggles/zh_proj/june23_sync_setup/src/UWHiggs/zh)
diboson: ["ZZJetsTo4L_pythia", "ggZZ2L2L"]
Creating tasks for analyzer: TauFakeRatesMMET.py
Creating tasks for analyzer: MUFakeRateMMMT.py
Creating tasks for analyzer: TauFakeRatesEEMT.py
Creating tasks for analyzer: EFakeRateMMET.py
Creating tasks for analyzer: TauFakeRatesEETT.py
Creating tasks for analyzer: TauFakeRatesMMTT.py
Creating tasks for analyzer: EFakeRateEEET.py
Creating tasks for analyzer: TauFakeRatesMMMT.py
Creating tasks for analyzer: TauFakeRatesEEET.py
Creating tasks for analyzer: MUFakeRateEEMT.py

 Beginning new ROOT session with Stephane's rootlogon.C file
(in /afs/hep.wisc.edu/cms/truggles/zh_proj/june23_sync_setup/src/UWHiggs/zh)
diboson: ["ZZJetsTo4L_pythia", "ggZZ2L2L"]
Creating tasks for analyzer: TauFakeRatesMMET.py
Creating tasks for analyzer: MUFakeRateMMMT.py
Creating tasks for analyzer: TauFakeRatesEEMT.py
Creating tasks for analyzer: EFakeRateMMET.py
Creating tasks for analyzer: TauFakeRatesEETT.py
Creating tasks for analyzer: TauFakeRatesMMTT.py
Creating tasks for analyzer: EFakeRateEEET.py
Creating tasks for analyzer: TauFakeRatesMMMT.py
Creating tasks for analyzer: TauFakeRatesEEET.py
Creating tasks for analyzer: MUFakeRateEEMT.py

 Beginning new ROOT session with Stephane's rootlogon.C file
(in /afs/hep.wisc.edu/cms/truggles/zh_proj/june23_sync_setup/src/UWHiggs/zh)
diboson: ["ZZJetsTo4L_pythia", "ggZZ2L2L"]
Creating tasks for analyzer: TauFakeRatesMMET.py
Creating tasks for analyzer: MUFakeRateMMMT.py
Creating tasks for analyzer: TauFakeRatesEEMT.py
Creating tasks for analyzer: EFakeRateMMET.py
Creating tasks for analyzer: TauFakeRatesEETT.py
Creating tasks for analyzer: TauFakeRatesMMTT.py
Creating tasks for analyzer: EFakeRateEEET.py
Creating tasks for analyzer: TauFakeRatesMMMT.py
Creating tasks for analyzer: TauFakeRatesEEET.py
Creating tasks for analyzer: MUFakeRateEEMT.py

 Beginning new ROOT session with Stephane's rootlogon.C file
(in /afs/hep.wisc.edu/cms/truggles/zh_proj/june23_sync_setup/src/UWHiggs/zh)
diboson: ["ZZJetsTo4L_pythia", "ggZZ2L2L"]
Creating tasks for analyzer: TauFakeRatesMMET.py
Creating tasks for analyzer: MUFakeRateMMMT.py
Creating tasks for analyzer: TauFakeRatesEEMT.py
Creating tasks for analyzer: EFakeRateMMET.py
Creating tasks for analyzer: TauFakeRatesEETT.py
Creating tasks for analyzer: TauFakeRatesMMTT.py
Creating tasks for analyzer: EFakeRateEEET.py
Creating tasks for analyzer: TauFakeRatesMMMT.py
Creating tasks for analyzer: TauFakeRatesEEET.py
Creating tasks for analyzer: MUFakeRateEEMT.py

 Beginning new ROOT session with Stephane's rootlogon.C file
(in /afs/hep.wisc.edu/cms/truggles/zh_proj/june23_sync_setup/src/UWHiggs/zh)
diboson: ["ZZJetsTo4L_pythia", "ggZZ2L2L"]
Creating tasks for analyzer: TauFakeRatesMMET.py
Creating tasks for analyzer: MUFakeRateMMMT.py
Creating tasks for analyzer: TauFakeRatesEEMT.py
Creating tasks for analyzer: EFakeRateMMET.py
Creating tasks for analyzer: TauFakeRatesEETT.py
Creating tasks for analyzer: TauFakeRatesMMTT.py
Creating tasks for analyzer: EFakeRateEEET.py
Creating tasks for analyzer: TauFakeRatesMMMT.py
Creating tasks for analyzer: TauFakeRatesEEET.py
Creating tasks for analyzer: MUFakeRateEEMT.py
running build_ext
cythoning EEEMuTree.pyx to EEEMuTree.cpp
building 'EEEMuTree' extension
gcc -pthread -fno-strict-aliasing -DNDEBUG -g -fwrapv -O3 -Wall -Wstrict-prototypes -fPIC -I/cvmfs/cms.cern.ch/slc5_amd64_gcc462/cms/cmssw/CMSSW_5_3_9/external/slc5_amd64_gcc462/bin/../../../../../../lcg/root/5.32.00-cms21/include -I/cvmfs/cms.cern.ch/slc5_amd64_gcc462/external/python/2.6.4/include/python2.6 -c EEEMuTree.cpp -o build/temp.linux-x86_64-2.6/EEEMuTree.o
g++ -pthread -shared build/temp.linux-x86_64-2.6/EEEMuTree.o -L/cvmfs/cms.cern.ch/slc5_amd64_gcc462/cms/cmssw/CMSSW_5_3_9/external/slc5_amd64_gcc462/bin/../../../../../../lcg/root/5.32.00-cms21/lib -L. -lTree -lCore -lTreePlayer -lpython2.6 -o /afs/hep.wisc.edu/cms/truggles/zh_proj/june23_sync_setup/src/UWHiggs/zh/EEEMuTree.so
running build_ext
cythoning EEETauTree.pyx to EEETauTree.cpp
building 'EEETauTree' extension
gcc -pthread -fno-strict-aliasing -DNDEBUG -g -fwrapv -O3 -Wall -Wstrict-prototypes -fPIC -I/cvmfs/cms.cern.ch/slc5_amd64_gcc462/cms/cmssw/CMSSW_5_3_9/external/slc5_amd64_gcc462/bin/../../../../../../lcg/root/5.32.00-cms21/include -I/cvmfs/cms.cern.ch/slc5_amd64_gcc462/external/python/2.6.4/include/python2.6 -c EEETauTree.cpp -o build/temp.linux-x86_64-2.6/EEETauTree.o
g++ -pthread -shared build/temp.linux-x86_64-2.6/EEETauTree.o -L/cvmfs/cms.cern.ch/slc5_amd64_gcc462/cms/cmssw/CMSSW_5_3_9/external/slc5_amd64_gcc462/bin/../../../../../../lcg/root/5.32.00-cms21/lib -L. -lTree -lCore -lTreePlayer -lpython2.6 -o /afs/hep.wisc.edu/cms/truggles/zh_proj/june23_sync_setup/src/UWHiggs/zh/EEETauTree.so
running build_ext
cythoning EEMuTauTree.pyx to EEMuTauTree.cpp
building 'EEMuTauTree' extension
gcc -pthread -fno-strict-aliasing -DNDEBUG -g -fwrapv -O3 -Wall -Wstrict-prototypes -fPIC -I/cvmfs/cms.cern.ch/slc5_amd64_gcc462/cms/cmssw/CMSSW_5_3_9/external/slc5_amd64_gcc462/bin/../../../../../../lcg/root/5.32.00-cms21/include -I/cvmfs/cms.cern.ch/slc5_amd64_gcc462/external/python/2.6.4/include/python2.6 -c EEMuTauTree.cpp -o build/temp.linux-x86_64-2.6/EEMuTauTree.o
g++ -pthread -shared build/temp.linux-x86_64-2.6/EEMuTauTree.o -L/cvmfs/cms.cern.ch/slc5_amd64_gcc462/cms/cmssw/CMSSW_5_3_9/external/slc5_amd64_gcc462/bin/../../../../../../lcg/root/5.32.00-cms21/lib -L. -lTree -lCore -lTreePlayer -lpython2.6 -o /afs/hep.wisc.edu/cms/truggles/zh_proj/june23_sync_setup/src/UWHiggs/zh/EEMuTauTree.so
running build_ext
cythoning EETauTauTree.pyx to EETauTauTree.cpp
building 'EETauTauTree' extension
gcc -pthread -fno-strict-aliasing -DNDEBUG -g -fwrapv -O3 -Wall -Wstrict-prototypes -fPIC -I/cvmfs/cms.cern.ch/slc5_amd64_gcc462/cms/cmssw/CMSSW_5_3_9/external/slc5_amd64_gcc462/bin/../../../../../../lcg/root/5.32.00-cms21/include -I/cvmfs/cms.cern.ch/slc5_amd64_gcc462/external/python/2.6.4/include/python2.6 -c EETauTauTree.cpp -o build/temp.linux-x86_64-2.6/EETauTauTree.o
g++ -pthread -shared build/temp.linux-x86_64-2.6/EETauTauTree.o -L/cvmfs/cms.cern.ch/slc5_amd64_gcc462/cms/cmssw/CMSSW_5_3_9/external/slc5_amd64_gcc462/bin/../../../../../../lcg/root/5.32.00-cms21/lib -L. -lTree -lCore -lTreePlayer -lpython2.6 -o /afs/hep.wisc.edu/cms/truggles/zh_proj/june23_sync_setup/src/UWHiggs/zh/EETauTauTree.so
running build_ext
cythoning EMuMuMuTree.pyx to EMuMuMuTree.cpp
building 'EMuMuMuTree' extension
gcc -pthread -fno-strict-aliasing -DNDEBUG -g -fwrapv -O3 -Wall -Wstrict-prototypes -fPIC -I/cvmfs/cms.cern.ch/slc5_amd64_gcc462/cms/cmssw/CMSSW_5_3_9/external/slc5_amd64_gcc462/bin/../../../../../../lcg/root/5.32.00-cms21/include -I/cvmfs/cms.cern.ch/slc5_amd64_gcc462/external/python/2.6.4/include/python2.6 -c EMuMuMuTree.cpp -o build/temp.linux-x86_64-2.6/EMuMuMuTree.o
g++ -pthread -shared build/temp.linux-x86_64-2.6/EMuMuMuTree.o -L/cvmfs/cms.cern.ch/slc5_amd64_gcc462/cms/cmssw/CMSSW_5_3_9/external/slc5_amd64_gcc462/bin/../../../../../../lcg/root/5.32.00-cms21/lib -L. -lTree -lCore -lTreePlayer -lpython2.6 -o /afs/hep.wisc.edu/cms/truggles/zh_proj/june23_sync_setup/src/UWHiggs/zh/EMuMuMuTree.so
running build_ext
cythoning MuMuETauTree.pyx to MuMuETauTree.cpp
building 'MuMuETauTree' extension
gcc -pthread -fno-strict-aliasing -DNDEBUG -g -fwrapv -O3 -Wall -Wstrict-prototypes -fPIC -I/cvmfs/cms.cern.ch/slc5_amd64_gcc462/cms/cmssw/CMSSW_5_3_9/external/slc5_amd64_gcc462/bin/../../../../../../lcg/root/5.32.00-cms21/include -I/cvmfs/cms.cern.ch/slc5_amd64_gcc462/external/python/2.6.4/include/python2.6 -c MuMuETauTree.cpp -o build/temp.linux-x86_64-2.6/MuMuETauTree.o
g++ -pthread -shared build/temp.linux-x86_64-2.6/MuMuETauTree.o -L/cvmfs/cms.cern.ch/slc5_amd64_gcc462/cms/cmssw/CMSSW_5_3_9/external/slc5_amd64_gcc462/bin/../../../../../../lcg/root/5.32.00-cms21/lib -L. -lTree -lCore -lTreePlayer -lpython2.6 -o /afs/hep.wisc.edu/cms/truggles/zh_proj/june23_sync_setup/src/UWHiggs/zh/MuMuETauTree.so
running build_ext
cythoning MuMuMuTauTree.pyx to MuMuMuTauTree.cpp
building 'MuMuMuTauTree' extension
gcc -pthread -fno-strict-aliasing -DNDEBUG -g -fwrapv -O3 -Wall -Wstrict-prototypes -fPIC -I/cvmfs/cms.cern.ch/slc5_amd64_gcc462/cms/cmssw/CMSSW_5_3_9/external/slc5_amd64_gcc462/bin/../../../../../../lcg/root/5.32.00-cms21/include -I/cvmfs/cms.cern.ch/slc5_amd64_gcc462/external/python/2.6.4/include/python2.6 -c MuMuMuTauTree.cpp -o build/temp.linux-x86_64-2.6/MuMuMuTauTree.o
g++ -pthread -shared build/temp.linux-x86_64-2.6/MuMuMuTauTree.o -L/cvmfs/cms.cern.ch/slc5_amd64_gcc462/cms/cmssw/CMSSW_5_3_9/external/slc5_amd64_gcc462/bin/../../../../../../lcg/root/5.32.00-cms21/lib -L. -lTree -lCore -lTreePlayer -lpython2.6 -o /afs/hep.wisc.edu/cms/truggles/zh_proj/june23_sync_setup/src/UWHiggs/zh/MuMuMuTauTree.so
running build_ext
cythoning MuMuTauTauTree.pyx to MuMuTauTauTree.cpp
building 'MuMuTauTauTree' extension
gcc -pthread -fno-strict-aliasing -DNDEBUG -g -fwrapv -O3 -Wall -Wstrict-prototypes -fPIC -I/cvmfs/cms.cern.ch/slc5_amd64_gcc462/cms/cmssw/CMSSW_5_3_9/external/slc5_amd64_gcc462/bin/../../../../../../lcg/root/5.32.00-cms21/include -I/cvmfs/cms.cern.ch/slc5_amd64_gcc462/external/python/2.6.4/include/python2.6 -c MuMuTauTauTree.cpp -o build/temp.linux-x86_64-2.6/MuMuTauTauTree.o
g++ -pthread -shared build/temp.linux-x86_64-2.6/MuMuTauTauTree.o -L/cvmfs/cms.cern.ch/slc5_amd64_gcc462/cms/cmssw/CMSSW_5_3_9/external/slc5_amd64_gcc462/bin/../../../../../../lcg/root/5.32.00-cms21/lib -L. -lTree -lCore -lTreePlayer -lpython2.6 -o /afs/hep.wisc.edu/cms/truggles/zh_proj/june23_sync_setup/src/UWHiggs/zh/MuMuTauTauTree.so
done?
getting meta info
rake meta:getinputs[2014-02-28_8TeV_Ntuples-v2, /afs/hep.wisc.edu/cms/truggles/zh_proj/june23_sync_setup/src/UWHiggs/zh/inputs/2014-02-28_8TeV_Ntuples-v2/]
(in /afs/hep.wisc.edu/cms/truggles/zh_proj/june23_sync_setup/src/UWHiggs/zh)
diboson: ["ZZJetsTo4L_pythia", "ggZZ2L2L"]
Creating tasks for analyzer: TauFakeRatesMMET.py
Creating tasks for analyzer: MUFakeRateMMMT.py
Creating tasks for analyzer: TauFakeRatesEEMT.py
Creating tasks for analyzer: EFakeRateMMET.py
Creating tasks for analyzer: TauFakeRatesEETT.py
Creating tasks for analyzer: TauFakeRatesMMTT.py
Creating tasks for analyzer: EFakeRateEEET.py
Creating tasks for analyzer: TauFakeRatesMMMT.py
Creating tasks for analyzer: TauFakeRatesEEET.py
Creating tasks for analyzer: MUFakeRateEEMT.py
Namespace(directory='/afs/hep.wisc.edu/cms/truggles/zh_proj/june23_sync_setup/src/UWHiggs/zh/inputs/2014-02-28_8TeV_Ntuples-v2/', force=False, jobid='2014-02-28_8TeV_Ntuples-v2', meta='mmtt', nocheck=False, outputdir='inputs/2014-02-28_8TeV_Ntuples-v2', relative=False, verbose=False)
(in /afs/hep.wisc.edu/cms/truggles/zh_proj/june23_sync_setup/src/UWHiggs/zh)
diboson: ["ZZJetsTo4L_pythia", "ggZZ2L2L"]
Creating tasks for analyzer: TauFakeRatesMMET.py
Creating tasks for analyzer: MUFakeRateMMMT.py
Creating tasks for analyzer: TauFakeRatesEEMT.py
Creating tasks for analyzer: EFakeRateMMET.py
Creating tasks for analyzer: TauFakeRatesEETT.py
Creating tasks for analyzer: TauFakeRatesMMTT.py
Creating tasks for analyzer: EFakeRateEEET.py
Creating tasks for analyzer: TauFakeRatesMMMT.py
Creating tasks for analyzer: TauFakeRatesEEET.py
Creating tasks for analyzer: MUFakeRateEEMT.py
Computing meta information for 7 TeV in inputs/2014-02-28_8TeV_Ntuples-v2
done getting input files
(in /afs/hep.wisc.edu/cms/truggles/zh_proj/june23_sync_setup/src/UWHiggs/zh)
diboson: ["ZZJetsTo4L_pythia", "ggZZ2L2L"]
Creating tasks for analyzer: TauFakeRatesMMET.py
Creating tasks for analyzer: MUFakeRateMMMT.py
Creating tasks for analyzer: TauFakeRatesEEMT.py
Creating tasks for analyzer: EFakeRateMMET.py
Creating tasks for analyzer: TauFakeRatesEETT.py
Creating tasks for analyzer: TauFakeRatesMMTT.py
Creating tasks for analyzer: EFakeRateEEET.py
Creating tasks for analyzer: TauFakeRatesMMMT.py
Creating tasks for analyzer: TauFakeRatesEEET.py
Creating tasks for analyzer: MUFakeRateEEMT.py
Namespace(directory='/afs/hep.wisc.edu/cms/truggles/zh_proj/june23_sync_setup/src/UWHiggs/zh/inputs/2014-02-28_8TeV_Ntuples-v2/', force=False, jobid='2014-02-28_8TeV_Ntuples-v2', meta='', nocheck=False, outputdir='inputs/2014-02-28_8TeV_Ntuples-v2', relative=False, verbose=False)
/cms/truggles/zh_proj/june23_sync_setup/src/UWHiggs/zh/inputs/2014-02-28_8TeV_Ntuples-v2 /cms/truggles/zh_proj/june23_sync_setup/src/UWHiggs/zh
/cms/truggles/zh_proj/june23_sync_setup/src/UWHiggs/zh
(in /afs/hep.wisc.edu/cms/truggles/zh_proj/june23_sync_setup/src/UWHiggs/zh)
diboson: ["ZZJetsTo4L_pythia", "ggZZ2L2L"]
Creating tasks for analyzer: TauFakeRatesMMET.py
Creating tasks for analyzer: MUFakeRateMMMT.py
Creating tasks for analyzer: TauFakeRatesEEMT.py
Creating tasks for analyzer: EFakeRateMMET.py
Creating tasks for analyzer: TauFakeRatesEETT.py
Creating tasks for analyzer: TauFakeRatesMMTT.py
Creating tasks for analyzer: EFakeRateEEET.py
Creating tasks for analyzer: TauFakeRatesMMMT.py
Creating tasks for analyzer: TauFakeRatesEEET.py
Creating tasks for analyzer: MUFakeRateEEMT.py
Computing meta information for 8 TeV in inputs/2014-02-28_8TeV_Ntuples-v2
done
